(R) 1930 - GRUPO A - Fran?a  x Chile
(R) 1998 - SEMIFINAL - Brasil  x Holanda
(R) 1986 - QUARTAS-DE-FINAL - Argentina  x Inglaterra
(R) 1930 - GRUPO B - Iugosl?via  x Brasil
(R) 1994 - OITAVAS-DE-FINAL - Alemanha  x B?lgica
(R) 1938 - OITAVAS-DE-FINAL - Brasil  x Pol?nia
(R) 2010 - GRUPO H - Su??a  x Honduras
(R) 1930 - GRUPO A - Fran?a  x M?xico
(R) 1930 - GRUPO A - Chile  x M?xico
(R) 1930 - GRUPO A - Argentina  x Chile
[COPA 2006] - GRUPO H - 14/6 - Espanha (4) x (0) Ucr?nia  - Leipzig
[COPA 2010] - GRUPO C - 13/6 - Arg?lia (0) x (1) Eslov?nia  - Polokwane
[COPA 1950] - FASE FINAL - 13/7 - Uruguai (3) x (2) Su?cia  - S?o Paulo
[COPA 1962] - QUARTAS-DE-FINAL - 10/6 - Chile (2) x (1) Uni?o Sovi?tica  - Arica
[COPA 2002] - GRUPO C - 4/6 - Costa Rica (2) x (0) China  - Gwangju
[COPA 1974] - GRUPO D - 15/6 - Pol?nia (3) x (2) Argentina  - Stuttgart
[COPA 1950] - FASE FINAL - 13/7 - Brasil (6) x (1) Espanha  - Rio de Janeiro
[COPA 1982] - GRUPO B - 21/6 - ?ustria (2) x (0) Arg?lia  - Oviedo
[COPA 1934] - Disp. 3?. Lugar - 7/6 - Alemanha (3) x (2) ?ustria  - N?poli
[COPA 1950] - GRUPO B - 2/7 - Espanha (1) x (0) Inglaterra  - Rio de Janeiro
[COPA 1950] - GRUPO A - 2/7 - Su??a (2) x (1) M?xico  - Porto Alegre
[COPA 1930] - GRUPO A - 15/7 - Argentina (1) x (0) Fran?a  - Montevid?u
[COPA 1930] - GRUPO A - 19/7 - Argentina (6) x (3) M?xico  - Montevid?u
[COPA 2010] - GRUPO F - 20/6 - Eslov?quia (0) x (2) Paraguai  - Bloemfontein
[COPA 2006] - OITAVAS-DE-FINAL - 25/6 - Inglaterra (1) x (0) Equador  - Stuttgart
[COPA 1998] - GRUPO H - 14/6 - Cro?cia (3) x (1) Jamaica  - Lens
[COPA 1994] - GRUPO A - 26/6 - Rom?nia (1) x (0) Estados Unidos  - Los Angeles
[COPA 1990] - GRUPO A - 15/6 - Tchecoslov?quia (1) x (0) ?ustria  - Florence
[COPA 1986] - GRUPO B - 7/6 - M?xico (1) x (1) Paraguai  - Cidade do M?xico
[COPA 2002] - GRUPO C - 13/6 - Turquia (3) x (0) China  - Seoul
[COPA 1930] - GRUPO B - 17/7 - Iugosl?via (4) x (0) Bolivia  - Montevid?u
[COPA 1930] - GRUPO B - 20/7 - Brasil (4) x (0) Bolivia  - Montevid?u
[COPA 1930] - GRUPO C - 14/7 - Rom?nia (3) x (1) Peru  - Montevid?u
[COPA 1930] - GRUPO C - 18/7 - Uruguai (1) x (0) Peru  - Montevid?u
[COPA 1930] - GRUPO C - 21/7 - Uruguai (4) x (0) Rom?nia  - Montevid?u
[COPA 1930] - GRUPO D - 13/7 - Estados Unidos (3) x (0) B?lgica  - Montevid?u
[COPA 1930] - GRUPO D - 17/7 - Estados Unidos (3) x (0) Paraguai  - Montevid?u
[COPA 1930] - GRUPO D - 20/7 - Paraguai (1) x (0) B?lgica  - Montevid?u
[COPA 1930] - SEMIFINAL - 26/7 - Argentina (6) x (1) Estados Unidos  - Montevid?u
[COPA 1930] - SEMIFINAL - 27/7 - Uruguai (6) x (1) Iugosl?via  - Montevid?u
[COPA 1930] - FINAL - 27/7 - Uruguai (4) x (2) Argentina  - Montevid?u
[COPA 2014] - GRUPO A - 12/6 - Brasil (3) x (1) Cro?cia  - S?o Paulo
[COPA 2014] - GRUPO A - 13/6 - M?xico (1) x (0) Camar?es  - Natal
[COPA 2014] - GRUPO A - 17/6 - Brasil (0) x (0) M?xico  - Fortaleza
[COPA 2014] - GRUPO A - 18/6 - Camar?es (0) x (4) Cro?cia  - Manaus
[COPA 2014] - GRUPO A - 23/6 - Camar?es (1) x (4) Brasil  - Bras?lia
[COPA 2014] - GRUPO A - 23/6 - Cro?cia (1) x (3) M?xico  - Recife
[COPA 2014] - GRUPO B - 13/6 - Espanha (1) x (5) Holanda  - Salvador
[COPA 2014] - GRUPO B - 13/6 - Chile (3) x (1) Austr?lia  - Cuiab?
[COPA 2014] - GRUPO B - 18/6 - Espanha (0) x (2) Chile  - Rio de Janeiro
[COPA 2014] - GRUPO B - 18/6 - Austr?lia (2) x (3) Holanda  - Porto Alegre
[COPA 2014] - GRUPO B - 23/6 - Austr?lia (0) x (3) Espanha  - Curitiba
[COPA 2014] - GRUPO B - 23/6 - Holanda (2) x (0) Chile  - S?o Paulo
[COPA 2014] - GRUPO C - 14/6 - Col?mbia (3) x (0) Gr?cia  - Belo Horizonte
[COPA 2014] - GRUPO C - 14/6 - Costa do Marfim (2) x (1) Jap?o  - Recife
[COPA 2014] - GRUPO C - 19/6 - Col?mbia (2) x (1) Costa do Marfim  - Bras?lia
[COPA 2014] - GRUPO C - 19/6 - Jap?o (0) x (0) Gr?cia  - Natal
[COPA 2014] - GRUPO C - 24/6 - Jap?o (1) x (4) Col?mbia  - Cuiab?
[COPA 2014] - GRUPO C - 24/6 - Gr?cia (2) x (1) Costa do Marfim  - Fortaleza
[COPA 2014] - GRUPO D - 14/6 - Uruguai (1) x (3) Costa Rica  - Fortaleza
[COPA 2014] - GRUPO D - 14/6 - Inglaterra (1) x (2) It?lia  - Manaus
[COPA 2014] - GRUPO D - 19/6 - Uruguai (2) x (1) Inglaterra  - S?o Paulo
[COPA 2014] - GRUPO D - 20/6 - It?lia (0) x (1) Costa Rica  - Recife
[COPA 2014] - GRUPO D - 24/6 - It?lia (0) x (1) Uruguai  - Natal
[COPA 2014] - GRUPO D - 24/6 - Costa Rica (0) x (0) Inglaterra  - Belo Horizonte
[COPA 2014] - GRUPO E - 15/6 - Su??a (2) x (1) Equador  - Bras?lia
[COPA 2014] - GRUPO E - 15/6 - Fran?a (3) x (0) Honduras  - Porto Alegre
[COPA 2014] - GRUPO E - 20/6 - Su??a (2) x (5) Fran?a  - Salvador
[COPA 2014] - GRUPO E - 20/6 - Honduras (1) x (2) Equador  - Curitiba
[COPA 2014] - GRUPO E - 25/6 - Honduras (0) x (3) Su??a  - Manaus
[COPA 2014] - GRUPO E - 25/6 - Equador (0) x (0) Fran?a  - Rio de Janeiro
[COPA 2014] - GRUPO F - 15/6 - Argentina (2) x (1) B?snia e Herzegovna  - Rio de Janeiro
[COPA 2014] - GRUPO F - 16/6 - Ir? (0) x (0) Nig?ria  - Curitiba
[COPA 2014] - GRUPO F - 21/6 - Argentina (1) x (0) Ir?  - Belo Horizonte
[COPA 2014] - GRUPO F - 21/6 - Nig?ria (1) x (0) B?snia e Herzegovna  - Cuiab?
[COPA 2014] - GRUPO F - 25/6 - Nig?ria (2) x (3) Argentina  - Porto Alegre
[COPA 2014] - GRUPO F - 25/6 - B?snia e Herzegovna (3) x (1) Ir?  - Salvador
[COPA 2014] - GRUPO G - 16/6 - Alemanha (4) x (0) Portugal  - Salvador
[COPA 2014] - GRUPO G - 16/6 - Gana (1) x (2) Estados Unidos  - Natal
[COPA 2014] - GRUPO G - 21/6 - Alemanha (2) x (2) Gana  - Fortaleza
[COPA 2014] - GRUPO G - 22/6 - Estados Unidos (2) x (2) Portugal  - Manaus
[COPA 2014] - GRUPO G - 26/6 - Estados Unidos (0) x (1) Alemanha  - Recife
[COPA 2014] - GRUPO G - 26/6 - Portugal (2) x (1) Gana  - Bras?lia
[COPA 2014] - GRUPO H - 17/6 - B?lgica (2) x (1) Arg?lia  - Belo Horizonte
[COPA 2014] - GRUPO H - 17/6 - R?ssia (1) x (1) Coreia do Sul  - Cuiab?
[COPA 2014] - GRUPO H - 22/6 - B?lgica (1) x (0) R?ssia  - Rio de Janeiro
[COPA 2014] - GRUPO H - 22/6 - Coreia do Sul (2) x (4) Arg?lia  - Porto Alegre
[COPA 2014] - GRUPO H - 26/6 - Coreia do Sul (0) x (1) B?lgica  - S?o Paulo
[COPA 2014] - GRUPO H - 26/6 - Arg?lia (1) x (1) R?ssia  - Curitiba
[COPA 2014] - OITAVAS-DE-FINAL - 28/6 - Brasil (1) x (1) Chile  - Belo Horizonte
[COPA 2014] - OITAVAS-DE-FINAL - 28/6 - Col?mbia (2) x (0) Uruguai  - Rio de Janeiro
[COPA 2014] - OITAVAS-DE-FINAL - 29/6 - Holanda (2) x (1) M?xico  - Fortaleza
[COPA 2014] - OITAVAS-DE-FINAL - 29/6 - Costa Rica (1) x (1) Gr?cia  - Recife
[COPA 2014] - OITAVAS-DE-FINAL - 30/6 - Fran?a (2) x (0) Nig?ria  - Bras?lia
[COPA 2014] - OITAVAS-DE-FINAL - 30/6 - Alemanha (2) x (1) Arg?lia  - Porto Alegre
[COPA 2014] - OITAVAS-DE-FINAL - 1/7 - Argentina (1) x (0) Su??a  - S?o Paulo
[COPA 2014] - OITAVAS-DE-FINAL - 1/7 - B?lgica (2) x (1) Estados Unidos  - Salvador
[COPA 2014] - QUARTAS-DE-FINAL - 4/7 - Fran?a (0) x (1) Alemanha  - Rio de Janeiro
[COPA 2014] - QUARTAS-DE-FINAL - 4/7 - Brasil (2) x (1) Col?mbia  - Fortaleza
[COPA 2014] - QUARTAS-DE-FINAL - 5/7 - Argentina (1) x (0) B?lgica  - Bras?lia
[COPA 2014] - QUARTAS-DE-FINAL - 5/7 - Holanda (0) x (0) Costa Rica  - Salvador
[COPA 2014] - SEMIFINAL - 8/7 - Brasil (1) x (7) Alemanha  - Belo Horizonte
[COPA 2014] - SEMIFINAL - 9/7 - Holanda (0) x (0) Argentina  - S?o Paulo
[COPA 2014] -  Disp. 3?. Lugar  - 12/7 - Brasil (0) x (3) Holanda  - Bras?lia
[COPA 2014] - FINAL - 13/7 - Alemanha (1) x (0) Argentina  - Rio de Janeiro
[COPA 1970] - GRUPO C - 2/6 - Inglaterra (0) x (0) null  - null
[COPA 1978] - SEGUNDA FASE - GRUPO 2 - 14/6 - Brasil (3) x (0) Peru  - Mendoza
