Canadá pg(0) j(3) v(0) e(0) d(3) gp(0) gc(5) sg(-5) d(0)
China pg(0) j(3) v(0) e(0) d(3) gp(0) gc(9) sg(-9) d(0)
Indonésia pg(0) j(1) v(0) e(0) d(1) gp(0) gc(6) sg(-6) d(0)
Zaire pg(0) j(3) v(0) e(0) d(3) gp(0) gc(14) sg(-14) d(0)
El Salvador pg(0) j(6) v(0) e(0) d(6) gp(1) gc(22) sg(-21) d(1)
Iraque pg(0) j(3) v(0) e(0) d(3) gp(1) gc(4) sg(-3) d(1)
Togo pg(0) j(3) v(0) e(0) d(3) gp(1) gc(6) sg(-5) d(1)
Emirados Arabes pg(0) j(3) v(0) e(0) d(3) gp(2) gc(11) sg(-9) d(2)
Haiti pg(0) j(3) v(0) e(0) d(3) gp(2) gc(14) sg(-12) d(2)
Trinidad e Tobago pg(1) j(3) v(0) e(1) d(2) gp(0) gc(4) sg(-4) d(1000)
Bolivia pg(1) j(6) v(0) e(1) d(5) gp(1) gc(20) sg(-19) d(1001)
Kuwait pg(1) j(3) v(0) e(1) d(2) gp(2) gc(6) sg(-4) d(1002)
Angola pg(2) j(3) v(0) e(2) d(1) gp(1) gc(2) sg(-1) d(2001)
Israel pg(2) j(3) v(0) e(2) d(1) gp(1) gc(3) sg(-2) d(2001)
Egito pg(2) j(4) v(0) e(2) d(2) gp(3) gc(6) sg(-3) d(2003)
Honduras pg(3) j(9) v(0) e(3) d(6) gp(3) gc(14) sg(-11) d(3003)
Jamaica pg(3) j(3) v(1) e(0) d(2) gp(3) gc(9) sg(-6) d(3003)
Bósnia e Herzegovna pg(3) j(3) v(1) e(0) d(2) gp(4) gc(4) sg(0) d(3004)
Nova Zelândia pg(3) j(6) v(0) e(3) d(3) gp(4) gc(14) sg(-10) d(3004)
Cuba pg(4) j(3) v(1) e(1) d(1) gp(5) gc(12) sg(-7) d(4005)
Eslováquia pg(4) j(4) v(1) e(1) d(2) gp(5) gc(7) sg(-2) d(4005)
Eslovênia pg(4) j(6) v(1) e(1) d(4) gp(5) gc(10) sg(-5) d(4005)
Coreia do Norte pg(4) j(7) v(1) e(1) d(5) gp(6) gc(21) sg(-15) d(4006)
País de Gales pg(6) j(5) v(1) e(3) d(1) gp(4) gc(4) sg(0) d(6004)
Irã pg(6) j(12) v(1) e(3) d(8) gp(7) gc(22) sg(-15) d(6007)
Ucrânia pg(7) j(5) v(2) e(1) d(2) gp(5) gc(7) sg(-2) d(7005)
Tunísia pg(7) j(12) v(1) e(4) d(7) gp(8) gc(17) sg(-9) d(7008)
Alemanha Oriental pg(8) j(6) v(2) e(2) d(2) gp(5) gc(5) sg(0) d(8005)
Grécia pg(8) j(10) v(2) e(2) d(6) gp(5) gc(20) sg(-15) d(8005)
Senegal pg(8) j(5) v(2) e(2) d(1) gp(7) gc(6) sg(1) d(8007)
Arábia Saudita pg(8) j(13) v(2) e(2) d(9) gp(9) gc(32) sg(-23) d(8009)
Noruega pg(9) j(8) v(2) e(3) d(3) gp(7) gc(8) sg(-1) d(9007)
Austrália pg(9) j(13) v(2) e(3) d(8) gp(11) gc(26) sg(-15) d(9011)
África do Sul pg(10) j(9) v(2) e(4) d(3) gp(11) gc(16) sg(-5) d(10011)
Marrocos pg(10) j(13) v(2) e(4) d(7) gp(12) gc(18) sg(-6) d(10012)
Costa do Marfim pg(10) j(9) v(3) e(1) d(5) gp(13) gc(14) sg(-1) d(10013)
Argélia pg(12) j(13) v(3) e(3) d(7) gp(13) gc(19) sg(-6) d(12013)
Equador pg(13) j(10) v(4) e(1) d(5) gp(10) gc(11) sg(-1) d(13010)
Irlanda pg(14) j(13) v(2) e(8) d(3) gp(10) gc(10) sg(0) d(14010)
Irlanda do Norte pg(14) j(13) v(3) e(5) d(5) gp(13) gc(23) sg(-10) d(14013)
Gana pg(15) j(12) v(4) e(3) d(5) gp(13) gc(16) sg(-3) d(15013)
Peru pg(15) j(15) v(4) e(3) d(8) gp(19) gc(31) sg(-12) d(15019)
Japão pg(16) j(17) v(4) e(4) d(9) gp(14) gc(22) sg(-8) d(16014)
Turquia pg(16) j(10) v(5) e(1) d(4) gp(20) gc(17) sg(3) d(16020)
Bulgária pg(17) j(26) v(3) e(8) d(15) gp(22) gc(53) sg(-31) d(17022)
Nigéria pg(18) j(18) v(5) e(3) d(10) gp(20) gc(26) sg(-6) d(18020)
Costa Rica pg(19) j(15) v(5) e(4) d(6) gp(17) gc(23) sg(-6) d(19017)
Camarões pg(19) j(23) v(4) e(7) d(12) gp(18) gc(43) sg(-25) d(19018)
Escócia pg(19) j(23) v(4) e(7) d(12) gp(25) gc(41) sg(-16) d(19025)
Croácia pg(23) j(16) v(7) e(2) d(7) gp(21) gc(17) sg(4) d(23021)
Colômbia pg(23) j(18) v(7) e(2) d(9) gp(26) gc(27) sg(-1) d(23026)
Coreia do Sul pg(24) j(31) v(5) e(9) d(17) gp(31) gc(67) sg(-36) d(24031)
Dinamarca pg(26) j(16) v(8) e(2) d(6) gp(27) gc(24) sg(3) d(26027)
Romênia pg(29) j(21) v(8) e(5) d(8) gp(30) gc(32) sg(-2) d(29030)
Estados Unidos pg(30) j(33) v(8) e(6) d(19) gp(37) gc(62) sg(-25) d(30037)
Paraguai pg(31) j(27) v(7) e(10) d(10) gp(30) gc(38) sg(-8) d(31030)
Suíça pg(39) j(33) v(11) e(6) d(16) gp(45) gc(59) sg(-14) d(39045)
Chile pg(40) j(33) v(11) e(7) d(15) gp(40) gc(49) sg(-9) d(40040)
Áustria pg(40) j(29) v(12) e(4) d(13) gp(43) gc(47) sg(-4) d(40043)
República Tcheca pg(41) j(33) v(12) e(5) d(16) gp(47) gc(49) sg(-2) d(41047)
Portugal pg(43) j(26) v(13) e(4) d(9) gp(43) gc(29) sg(14) d(43043)
Hungria pg(48) j(32) v(15) e(3) d(14) gp(87) gc(57) sg(30) d(48087)
Polônia pg(50) j(31) v(15) e(5) d(11) gp(44) gc(40) sg(4) d(50044)
Bélgica pg(51) j(41) v(14) e(9) d(18) gp(52) gc(66) sg(-14) d(51052)
México pg(56) j(53) v(14) e(14) d(25) gp(57) gc(92) sg(-35) d(56057)
Sérvia pg(59) j(43) v(17) e(8) d(18) gp(64) gc(59) sg(5) d(59064)
Rússia pg(59) j(40) v(17) e(8) d(15) gp(66) gc(47) sg(19) d(59066)
Suécia pg(61) j(46) v(16) e(13) d(17) gp(74) gc(69) sg(5) d(61074)
Uruguai pg(72) j(51) v(20) e(12) d(19) gp(80) gc(71) sg(9) d(72080)
Holanda pg(93) j(50) v(27) e(12) d(11) gp(86) gc(48) sg(38) d(93086)
França pg(96) j(59) v(28) e(12) d(19) gp(106) gc(71) sg(35) d(96106)
Inglaterra pg(98) j(62) v(26) e(20) d(16) gp(79) gc(56) sg(23) d(98079)
Espanha pg(99) j(59) v(29) e(12) d(18) gp(92) gc(66) sg(26) d(99092)
Argentina pg(140) j(77) v(42) e(14) d(21) gp(131) gc(84) sg(47) d(140131)
Itália pg(156) j(83) v(45) e(21) d(17) gp(128) gc(77) sg(51) d(156128)
Alemanha pg(218) j(106) v(66) e(20) d(20) gp(224) gc(121) sg(103) d(218224)
Brasil pg(227) j(104) v(70) e(17) d(17) gp(221) gc(102) sg(119) d(227221)
