Média: 5
Média: 3
Média: 3
Média: 3
Média: 4
(R) 1930 - GRUPO A - França x México
Média: 4
(R) 1930 - GRUPO A - Argentina x França
Média: 4
(R) 1930 - GRUPO A - Chile x México
Média: 4
(R) 1930 - GRUPO A - França x Chile
Média: 5
(R) 1930 - GRUPO A - Argentina x México
Média: 4
(R) 1930 - GRUPO A - Argentina x Chile
Média: 3
(R) 1930 - GRUPO B - Iugoslávia x Brasil
Média: 3
(R) 1930 - GRUPO B - Iugoslávia x Bolivia
Média: 3
(R) 1930 - GRUPO B - Brasil x Bolivia
Média: 3
(R) 1930 - GRUPO C - Romênia x Peru
Média: 2
(R) 1930 - GRUPO C - Uruguai x Peru
Média: 4
(R) 1930 - GRUPO C - Uruguai x Romênia
Média: 4
(R) 1930 - GRUPO D - Estados Unidos x Bélgica
Média: 5
(R) 1930 - GRUPO D - Estados Unidos x Paraguai
Média: 5
(R) 1930 - GRUPO D - Paraguai x Bélgica
Média: 5
(R) 1930 - SEMIFINAL - Argentina x Estados Unidos
Média: 4
(R) 1930 - SEMIFINAL - Uruguai x Iugoslávia
Média: 3
(R) 1930 - FINAL - Uruguai x Argentina
Média: 3
(R) 2014 - GRUPO A - Brasil x Croácia
Média: 3
(R) 2014 - GRUPO A - México x Camarões
Média: 4
(R) 2014 - GRUPO A - Brasil x México
Média: 5
(R) 2014 - GRUPO A - Camarões x Croácia
Média: 4
(R) 2014 - GRUPO A - Camarões x Brasil
Média: 4
(R) 2014 - GRUPO A - Croácia x México
Média: 4
(R) 2014 - GRUPO B - Espanha x Holanda
Média: 3
(R) 2014 - GRUPO B - Chile x Austrália
Média: 3
(R) 2014 - GRUPO B - Espanha x Chile
Média: 3
(R) 2014 - GRUPO B - Austrália x Holanda
Média: 3
(R) 2014 - GRUPO B - Austrália x Espanha
Média: 2
(R) 2014 - GRUPO B - Holanda x Chile
Média: 3
(R) 2014 - GRUPO C - Colômbia x Grécia
Média: 3
(R) 2014 - GRUPO C - Costa do Marfim x Japão
Média: 3
(R) 2014 - GRUPO C - Colômbia x Costa do Marfim
Média: 3
(R) 2014 - GRUPO C - Japão x Grécia
Média: 4
(R) 2014 - GRUPO C - Japão x Colômbia
Média: 3
(R) 2014 - GRUPO C - Grécia x Costa do Marfim
Média: 2
(R) 2014 - GRUPO D - Uruguai x Costa Rica
Média: 2
(R) 2014 - GRUPO D - Inglaterra x Itália
Média: 2
(R) 2014 - GRUPO D - Uruguai x Inglaterra
Média: 2
(R) 2014 - GRUPO D - Itália x Costa Rica
Média: 3
(R) 2014 - GRUPO D - Itália x Uruguai
Média: 3
(R) 2014 - GRUPO D - Costa Rica x Inglaterra
Média: 4
(R) 2014 - GRUPO E - Suíça x Equador
Média: 3
(R) 2014 - GRUPO E - França x Honduras
Média: 3
(R) 2014 - GRUPO E - Suíça x França
Média: 2
(R) 2014 - GRUPO E - Honduras x Equador
Média: 1
(R) 2014 - GRUPO E - Honduras x Suíça
Média: 1
(R) 2014 - GRUPO E - Equador x França
Média: 2
(R) 2014 - GRUPO F - Argentina x Bósnia e Herzegovna
Média: 2
(R) 2014 - GRUPO F - Irã x Nigéria
Média: 3
(R) 2014 - GRUPO F - Argentina x Irã
Média: 3
(R) 2014 - GRUPO F - Nigéria x Bósnia e Herzegovna
Média: 4
(R) 2014 - GRUPO F - Nigéria x Argentina
Média: 4
(R) 2014 - GRUPO F - Bósnia e Herzegovna x Irã
Média: 3
(R) 2014 - GRUPO G - Alemanha x Portugal
Média: 3
(R) 2014 - GRUPO G - Gana x Estados Unidos
Média: 3
(R) 2014 - GRUPO G - Alemanha x Gana
Média: 3
(R) 2014 - GRUPO G - Estados Unidos x Portugal
Média: 2
(R) 2014 - GRUPO G - Estados Unidos x Alemanha
Média: 3
(R) 2014 - GRUPO G - Portugal x Gana
Média: 3
(R) 2014 - GRUPO H - Bélgica x Argélia
Média: 2
(R) 2014 - GRUPO H - Rússia x Coreia do Sul
Média: 2
(R) 2014 - GRUPO H - Bélgica x Rússia
Média: 3
(R) 2014 - GRUPO H - Coreia do Sul x Argélia
Média: 2
(R) 2014 - GRUPO H - Coreia do Sul x Bélgica
Média: 2
(R) 2014 - GRUPO H - Argélia x Rússia
Média: 2
(R) 2014 - OITAVAS-DE-FINAL - Brasil x Chile
Média: 2
(R) 2014 - OITAVAS-DE-FINAL - Colômbia x Uruguai
Média: 2
(R) 2014 - OITAVAS-DE-FINAL - Holanda x México
Média: 2
(R) 2014 - OITAVAS-DE-FINAL - Costa Rica x Grécia
Média: 2
(R) 2014 - OITAVAS-DE-FINAL - França x Nigéria
Média: 2
(R) 2014 - OITAVAS-DE-FINAL - Alemanha x Argélia
Média: 2
(R) 2014 - OITAVAS-DE-FINAL - Argentina x Suíça
Média: 2
(R) 2014 - OITAVAS-DE-FINAL - Bélgica x Estados Unidos
Média: 3
(R) 2014 - QUARTAS-DE-FINAL - França x Alemanha
Média: 2
(R) 2014 - QUARTAS-DE-FINAL - Brasil x Colômbia
Média: 2
(R) 2014 - QUARTAS-DE-FINAL - Argentina x Bélgica
Média: 2
(R) 2014 - QUARTAS-DE-FINAL - Holanda x Costa Rica
Média: 3
(R) 2014 - SEMIFINAL - Brasil x Alemanha
Média: 2
(R) 2014 - SEMIFINAL - Holanda x Argentina
Média: 2
(R) 2014 - Disp. 3°. Lugar - Brasil x Holanda
Média: 3
(R) 2014 - FINAL - Alemanha x Argentina
Média: 3
(R) 1950 - GRUPO A - Suíça x México
Média: 4
(R) 1970 - GRUPO C - Inglaterra x Romênia
Média: 4
(R) 2010 - GRUPO H - Suíça x Honduras
Média: 4
(R) 1938 - OITAVAS-DE-FINAL - Brasil x Polônia
Média: 4
(R) 1950 - GRUPO B - Espanha x Inglaterra
Média: 4
(R) 1934 - Disp. 3°. Lugar - Alemanha x Áustria
Média: 4
(R) 1982 - GRUPO B - Áustria x Argélia
Média: 4
(R) 1978 - SEGUNDA FASE - GRUPO 2 - Brasil x Peru
Média: 4
(R) 1950 - FASE FINAL - Brasil x Espanha
Média: 4
(R) 1974 - GRUPO D - Polônia x Argentina
Média: 3
(R) 1998 - SEMIFINAL - Brasil x Holanda
Média: 4
(R) 1994 - OITAVAS-DE-FINAL - Alemanha x Bélgica
Média: 3
Média: 3
Média: 2
Média: 2
Média: 2
(R) 1986 - QUARTAS-DE-FINAL - Argentina x Inglaterra
Média: 2
Média: 3
(R) 2010 - GRUPO F - Eslováquia x Paraguai
Média: 2
(R) 2006 - OITAVAS-DE-FINAL - Inglaterra x Equador
Média: 3
(R) 2002 - GRUPO C - Costa Rica x China
Média: 3
(R) 1962 - QUARTAS-DE-FINAL - Chile x União Soviética
Média: 3
(R) 1950 - FASE FINAL - Uruguai x Suécia
Média: 3
(R) 2010 - GRUPO C - Argélia x Eslovênia
Média: 3
(R) 2006 - GRUPO H - Espanha x Ucrânia
Média: 2
(R) 2002 - GRUPO C - Turquia x China
Média: 2
(R) 1998 - GRUPO H - Croácia x Jamaica
Média: 1
(R) 1994 - GRUPO A - Romênia x Estados Unidos
Média: 2
(R) 1990 - GRUPO A - Tchecoslováquia x Áustria
Média: 2
(R) 1986 - GRUPO B - México x Paraguai
Média: 0
