AAAAA:35
[COPA 1950] - GRUPO A - 2/7 - Suíça (2) x (1) México  - Porto Alegre
[COPA 1970] - GRUPO C - 2/6 - Inglaterra (1) x (0) Romênia  - Guadalajara
[COPA 2010] - GRUPO H - 25/6 - Suíça (0) x (0) Honduras  - Bloemfontein
[COPA 1938] - OITAVAS-DE-FINAL - 5/6 - Brasil (6) x (5) Polônia  - Strasbourg
[COPA 1950] - GRUPO B - 2/7 - Espanha (1) x (0) Inglaterra  - Rio de Janeiro
[COPA 1934] - Disp. 3°. Lugar - 7/6 - Alemanha (3) x (2) Áustria  - Nápoli
[COPA 1982] - GRUPO B - 21/6 - Áustria (2) x (0) Argélia  - Oviedo
[COPA 1978] - SEGUNDA FASE - GRUPO 2 - 14/6 - Brasil (3) x (0) Peru  - Mendoza
[COPA 1950] - FASE FINAL - 13/7 - Brasil (6) x (1) Espanha  - Rio de Janeiro
[COPA 1974] - GRUPO D - 15/6 - Polônia (3) x (2) Argentina  - Stuttgart
[COPA 1998] - SEMIFINAL - 7/7 - Brasil (1) x (1) Holanda  - Marseille
[COPA 1994] - OITAVAS-DE-FINAL - 2/7 - Alemanha (3) x (2) Bélgica  - Chicago
[COPA 1986] - QUARTAS-DE-FINAL - 22/6 - Argentina (2) x (1) Inglaterra  - Cidade do México
[COPA 2010] - GRUPO F - 20/6 - Eslováquia (0) x (2) Paraguai  - Bloemfontein
[COPA 2006] - OITAVAS-DE-FINAL - 25/6 - Inglaterra (1) x (0) Equador  - Stuttgart
[COPA 2002] - GRUPO C - 4/6 - Costa Rica (2) x (0) China  - Gwangju
[COPA 1962] - QUARTAS-DE-FINAL - 10/6 - Chile (2) x (1) União Soviética  - Arica
[COPA 1950] - FASE FINAL - 13/7 - Uruguai (3) x (2) Suécia  - São Paulo
[COPA 2010] - GRUPO C - 13/6 - Argélia (0) x (1) Eslovênia  - Polokwane
[COPA 2006] - GRUPO H - 14/6 - Espanha (4) x (0) Ucrânia  - Leipzig
[COPA 2002] - GRUPO C - 13/6 - Turquia (3) x (0) China  - Seoul
[COPA 1998] - GRUPO H - 14/6 - Croácia (3) x (1) Jamaica  - Lens
[COPA 1994] - GRUPO A - 26/6 - Romênia (1) x (0) Estados Unidos  - Los Angeles
[COPA 1990] - GRUPO A - 15/6 - Tchecoslováquia (1) x (0) Áustria  - Florence
[COPA 1986] - GRUPO B - 7/6 - México (1) x (1) Paraguai  - Cidade do México
