Afeganistão -- NÃO
África do Sul -- SIM
Albânia -- NÃO
Alemanha -- SIM
Andorra -- NÃO
Angola -- SIM
Antiga e Barbuda -- NÃO
Arábia Saudita -- SIM
Argélia -- SIM
Argentina -- SIM
Arménia -- NÃO
Austrália -- SIM
Áustria -- SIM
Azerbaijão -- NÃO
Bahamas -- NÃO
Bangladexe -- NÃO
Barbados -- NÃO
Barém -- NÃO
Bélgica -- SIM
Belize -- NÃO
Benim -- NÃO
Bielorrússia -- NÃO
Bolívia -- NÃO
Bósnia e Herzegovina -- NÃO
Botsuana -- NÃO
Brasil -- SIM
Brunei -- NÃO
Bulgária -- SIM
Burquina Faso -- NÃO
Burúndi -- NÃO
Butão -- NÃO
Cabo Verde -- NÃO
Camarões -- SIM
Camboja -- NÃO
Canadá -- SIM
Catar -- NÃO
Cazaquistão -- NÃO
Chade -- NÃO
Chile -- SIM
China -- SIM
Chipre -- NÃO
Colômbia -- SIM
Comores -- NÃO
Congo-Brazzaville -- NÃO
Coreia do Norte -- SIM
Coreia do Sul -- SIM
Cosovo -- NÃO
Costa do Marfim -- SIM
Costa Rica -- SIM
Croácia -- SIM
Cuaite -- NÃO
Cuba -- SIM
Dinamarca -- SIM
Dominica -- NÃO
Egito -- SIM
Emirados Árabes Unidos -- NÃO
Equador -- SIM
Eritreia -- NÃO
Eslováquia -- SIM
Eslovénia -- NÃO
Espanha -- SIM
Estado da Palestina -- NÃO
Estados Unidos -- SIM
Estónia -- NÃO
Etiópia -- NÃO
Fiji -- NÃO
Filipinas -- NÃO
Finlândia -- NÃO
França -- SIM
Gabão -- NÃO
Gâmbia -- NÃO
Gana -- SIM
Geórgia -- NÃO
Granada -- NÃO
Grécia -- SIM
Guatemala -- NÃO
Guiana -- NÃO
Guiné -- NÃO
Guiné Equatorial -- NÃO
Guiné-Bissau -- NÃO
Haiti -- SIM
Honduras -- SIM
Hungria -- SIM
Iémen -- NÃO
Ilhas Marechal -- NÃO
Índia -- NÃO
Indonésia -- SIM
Irão -- NÃO
Iraque -- SIM
Irlanda -- SIM
Islândia -- NÃO
Israel -- SIM
Itália -- SIM
Jamaica -- SIM
Japão -- SIM
Jibuti -- NÃO
Jordânia -- NÃO
Laus -- NÃO
Lesoto -- NÃO
Letónia -- NÃO
Líbano -- NÃO
Libéria -- NÃO
Líbia -- NÃO
Listenstaine -- NÃO
Lituânia -- NÃO
Luxemburgo -- NÃO
Macedónia -- NÃO
Madagáscar -- NÃO
Malásia -- NÃO
Maláui -- NÃO
Maldivas -- NÃO
Mali -- NÃO
Malta -- NÃO
Marrocos -- SIM
Maurícia -- NÃO
Mauritânia -- NÃO
México -- SIM
Mianmar -- NÃO
Micronésia -- NÃO
Moçambique -- NÃO
Moldávia -- NÃO
Mónaco -- NÃO
Mongólia -- NÃO
Montenegro -- NÃO
Namíbia -- NÃO
Nauru -- NÃO
Nepal -- NÃO
Nicarágua -- NÃO
Níger -- NÃO
Nigéria -- SIM
Noruega -- SIM
Nova Zelândia -- SIM
Omã -- NÃO
Países Baixos -- NÃO
Palau -- NÃO
Panamá -- NÃO
Papua Nova Guiné -- NÃO
Paquistão -- NÃO
Paraguai -- SIM
Peru -- SIM
Polónia -- NÃO
Portugal -- SIM
Quénia -- NÃO
Quirguistão -- NÃO
Quiribáti -- NÃO
Reino Unido -- NÃO
República Centro-Africana -- NÃO
República Democrática do Congo -- NÃO
República Dominicana -- NÃO
República Tcheca -- SIM
Roménia -- NÃO
Ruanda -- NÃO
Rússia -- SIM
Salomão -- NÃO
Salvador -- NÃO
Samoa -- NÃO
Santa Lúcia -- NÃO
São Cristóvão e Neves -- NÃO
São Marinho -- NÃO
São Tomé e Príncipe -- NÃO
São Vicente e Granadinas -- NÃO
Seicheles -- NÃO
Senegal -- SIM
Serra Leoa -- NÃO
Sérvia -- SIM
Singapura -- NÃO
Síria -- NÃO
Somália -- NÃO
Sri Lanca -- NÃO
Suazilândia -- NÃO
Sudão -- NÃO
Sudão do Sul -- NÃO
Suécia -- SIM
Suíça -- SIM
Suriname -- NÃO
Tailândia -- NÃO
Taiuã -- NÃO
Tajiquistão -- NÃO
Tanzânia -- NÃO
Timor-Leste -- NÃO
Togo -- SIM
Tonga -- NÃO
Trindade e Tobago -- NÃO
Tunísia -- SIM
Turcomenistão -- NÃO
Turquia -- SIM
Tuvalu -- NÃO
Ucrânia -- SIM
Uganda -- NÃO
Uruguai -- SIM
Usbequistão -- NÃO
Vanuatu -- NÃO
Vaticano -- NÃO
Venezuela -- NÃO
Vietname -- NÃO
Zâmbia -- NÃO
Zimbábue -- NÃO
