(R) 1986 - QUARTAS-DE-FINAL - Argentina  x Inglaterra 
(R) 1994 - OITAVAS-DE-FINAL - Alemanha  x Bélgica 
(R) 1998 - SEMIFINAL - Brasil  x Holanda 
(R) 1974 - GRUPO D - Polônia  x Argentina 
(R) 1962 - QUARTAS-DE-FINAL - Chile  x União Soviética 
(R) 1986 - GRUPO B - México  x Paraguai 
(R) 1990 - GRUPO A - Tchecoslováquia  x Áustria 
(R) 1994 - GRUPO A - Romênia  x Estados Unidos 
(R) 1998 - GRUPO H - Croácia  x Jamaica 
(R) 2002 - GRUPO C - Turquia  x China 
[COPA 1930] - GRUPO A - 13/7 - França (4) x (1) México  - Montevidéu
[COPA 1930] - GRUPO A - 15/7 - Argentina (1) x (0) França  - Montevidéu
[COPA 1930] - GRUPO A - 16/7 - Chile (3) x (0) México  - Montevidéu
[COPA 1930] - GRUPO A - 19/7 - França (0) x (1) Chile  - Montevidéu
[COPA 1930] - GRUPO A - 19/7 - Argentina (6) x (3) México  - Montevidéu
[COPA 1930] - GRUPO A - 22/7 - Argentina (3) x (1) Chile  - Montevidéu
[COPA 1930] - GRUPO B - 14/7 - Iugoslávia (2) x (1) Brasil  - Montevidéu
[COPA 1930] - GRUPO B - 17/7 - Iugoslávia (4) x (0) Bolivia  - Montevidéu
[COPA 1930] - GRUPO B - 20/7 - Brasil (4) x (0) Bolivia  - Montevidéu
[COPA 1930] - GRUPO C - 14/7 - Romênia (3) x (1) Peru  - Montevidéu
[COPA 1930] - GRUPO C - 18/7 - Uruguai (1) x (0) Peru  - Montevidéu
[COPA 1930] - GRUPO C - 21/7 - Uruguai (4) x (0) Romênia  - Montevidéu
[COPA 1930] - GRUPO D - 13/7 - Estados Unidos (3) x (0) Bélgica  - Montevidéu
[COPA 1930] - GRUPO D - 17/7 - Estados Unidos (3) x (0) Paraguai  - Montevidéu
[COPA 1930] - GRUPO D - 20/7 - Paraguai (1) x (0) Bélgica  - Montevidéu
[COPA 1930] - SEMIFINAL - 26/7 - Argentina (6) x (1) Estados Unidos  - Montevidéu
[COPA 1930] - SEMIFINAL - 27/7 - Uruguai (6) x (1) Iugoslávia  - Montevidéu
[COPA 1930] - FINAL - 27/7 - Uruguai (4) x (2) Argentina  - Montevidéu
[COPA 2014] - GRUPO A - 12/6 - Brasil (3) x (1) Croácia  - São Paulo
[COPA 2014] - GRUPO A - 13/6 - México (1) x (0) Camarões  - Natal
[COPA 2014] - GRUPO A - 17/6 - Brasil (0) x (0) México  - Fortaleza
[COPA 2014] - GRUPO A - 18/6 - Camarões (0) x (4) Croácia  - Manaus
[COPA 2014] - GRUPO A - 23/6 - Camarões (1) x (4) Brasil  - Brasília
[COPA 2014] - GRUPO A - 23/6 - Croácia (1) x (3) México  - Recife
[COPA 2014] - GRUPO B - 13/6 - Espanha (1) x (5) Holanda  - Salvador
[COPA 2014] - GRUPO B - 13/6 - Chile (3) x (1) Austrália  - Cuiabá
[COPA 2014] - GRUPO B - 18/6 - Espanha (0) x (2) Chile  - Rio de Janeiro
[COPA 2014] - GRUPO B - 18/6 - Austrália (2) x (3) Holanda  - Porto Alegre
[COPA 2014] - GRUPO B - 23/6 - Austrália (0) x (3) Espanha  - Curitiba
[COPA 2014] - GRUPO B - 23/6 - Holanda (2) x (0) Chile  - São Paulo
[COPA 2014] - GRUPO C - 14/6 - Colômbia (3) x (0) Grécia  - Belo Horizonte
[COPA 2014] - GRUPO C - 14/6 - Costa do Marfim (2) x (1) Japão  - Recife
[COPA 2014] - GRUPO C - 19/6 - Colômbia (2) x (1) Costa do Marfim  - Brasília
[COPA 2014] - GRUPO C - 19/6 - Japão (0) x (0) Grécia  - Natal
[COPA 2014] - GRUPO C - 24/6 - Japão (1) x (4) Colômbia  - Cuiabá
[COPA 2014] - GRUPO C - 24/6 - Grécia (2) x (1) Costa do Marfim  - Fortaleza
[COPA 2014] - GRUPO D - 14/6 - Uruguai (1) x (3) Costa Rica  - Fortaleza
[COPA 2014] - GRUPO D - 14/6 - Inglaterra (1) x (2) Itália  - Manaus
[COPA 2014] - GRUPO D - 19/6 - Uruguai (2) x (1) Inglaterra  - São Paulo
[COPA 2014] - GRUPO D - 20/6 - Itália (0) x (1) Costa Rica  - Recife
[COPA 2014] - GRUPO D - 24/6 - Itália (0) x (1) Uruguai  - Natal
[COPA 2014] - GRUPO D - 24/6 - Costa Rica (0) x (0) Inglaterra  - Belo Horizonte
[COPA 2014] - GRUPO E - 15/6 - Suíça (2) x (1) Equador  - Brasília
[COPA 2014] - GRUPO E - 15/6 - França (3) x (0) Honduras  - Porto Alegre
[COPA 2014] - GRUPO E - 20/6 - Suíça (2) x (5) França  - Salvador
[COPA 2014] - GRUPO E - 20/6 - Honduras (1) x (2) Equador  - Curitiba
[COPA 2014] - GRUPO E - 25/6 - Honduras (0) x (3) Suíça  - Manaus
[COPA 2014] - GRUPO E - 25/6 - Equador (0) x (0) França  - Rio de Janeiro
[COPA 2014] - GRUPO F - 15/6 - Argentina (2) x (1) Bósnia e Herzegovna  - Rio de Janeiro
[COPA 2014] - GRUPO F - 16/6 - Irã (0) x (0) Nigéria  - Curitiba
[COPA 2014] - GRUPO F - 21/6 - Argentina (1) x (0) Irã  - Belo Horizonte
[COPA 2014] - GRUPO F - 21/6 - Nigéria (1) x (0) Bósnia e Herzegovna  - Cuiabá
[COPA 2014] - GRUPO F - 25/6 - Nigéria (2) x (3) Argentina  - Porto Alegre
[COPA 2014] - GRUPO F - 25/6 - Bósnia e Herzegovna (3) x (1) Irã  - Salvador
[COPA 2014] - GRUPO G - 16/6 - Alemanha (4) x (0) Portugal  - Salvador
[COPA 2014] - GRUPO G - 16/6 - Gana (1) x (2) Estados Unidos  - Natal
[COPA 2014] - GRUPO G - 21/6 - Alemanha (2) x (2) Gana  - Fortaleza
[COPA 2014] - GRUPO G - 22/6 - Estados Unidos (2) x (2) Portugal  - Manaus
[COPA 2014] - GRUPO G - 26/6 - Estados Unidos (0) x (1) Alemanha  - Recife
[COPA 2014] - GRUPO G - 26/6 - Portugal (2) x (1) Gana  - Brasília
[COPA 2014] - GRUPO H - 17/6 - Bélgica (2) x (1) Argélia  - Belo Horizonte
[COPA 2014] - GRUPO H - 17/6 - Rússia (1) x (1) Coreia do Sul  - Cuiabá
[COPA 2014] - GRUPO H - 22/6 - Bélgica (1) x (0) Rússia  - Rio de Janeiro
[COPA 2014] - GRUPO H - 22/6 - Coreia do Sul (2) x (4) Argélia  - Porto Alegre
[COPA 2014] - GRUPO H - 26/6 - Coreia do Sul (0) x (1) Bélgica  - São Paulo
[COPA 2014] - GRUPO H - 26/6 - Argélia (1) x (1) Rússia  - Curitiba
[COPA 2014] - OITAVAS-DE-FINAL - 28/6 - Brasil (1) x (1) Chile  - Belo Horizonte
[COPA 2014] - OITAVAS-DE-FINAL - 28/6 - Colômbia (2) x (0) Uruguai  - Rio de Janeiro
[COPA 2014] - OITAVAS-DE-FINAL - 29/6 - Holanda (2) x (1) México  - Fortaleza
[COPA 2014] - OITAVAS-DE-FINAL - 29/6 - Costa Rica (1) x (1) Grécia  - Recife
[COPA 2014] - OITAVAS-DE-FINAL - 30/6 - França (2) x (0) Nigéria  - Brasília
[COPA 2014] - OITAVAS-DE-FINAL - 30/6 - Alemanha (2) x (1) Argélia  - Porto Alegre
[COPA 2014] - OITAVAS-DE-FINAL - 1/7 - Argentina (1) x (0) Suíça  - São Paulo
[COPA 2014] - OITAVAS-DE-FINAL - 1/7 - Bélgica (2) x (1) Estados Unidos  - Salvador
[COPA 2014] - QUARTAS-DE-FINAL - 4/7 - França (0) x (1) Alemanha  - Rio de Janeiro
[COPA 2014] - QUARTAS-DE-FINAL - 4/7 - Brasil (2) x (1) Colômbia  - Fortaleza
[COPA 2014] - QUARTAS-DE-FINAL - 5/7 - Argentina (1) x (0) Bélgica  - Brasília
[COPA 2014] - QUARTAS-DE-FINAL - 5/7 - Holanda (0) x (0) Costa Rica  - Salvador
[COPA 2014] - SEMIFINAL - 8/7 - Brasil (1) x (7) Alemanha  - Belo Horizonte
[COPA 2014] - SEMIFINAL - 9/7 - Holanda (0) x (0) Argentina  - São Paulo
[COPA 2014] - Disp. 3°. Lugar  - 12/7 - Brasil (0) x (3) Holanda  - Brasília
[COPA 2014] - FINAL - 13/7 - Alemanha (1) x (0) Argentina  - Rio de Janeiro
[COPA 1950] - GRUPO A - 2/7 - Suíça (2) x (1) México  - Porto Alegre
[COPA 1970] - GRUPO C - 2/6 - Inglaterra (1) x (0) Romênia  - Guadalajara
[COPA 2010] - GRUPO H - 25/6 - Suíça (0) x (0) Honduras  - Bloemfontein
[COPA 1938] - OITAVAS-DE-FINAL - 5/6 - Brasil (6) x (5) Polônia  - Strasbourg
[COPA 1950] - GRUPO B - 2/7 - Espanha (1) x (0) Inglaterra  - Rio de Janeiro
[COPA 1934] - Disp. 3°. Lugar - 7/6 - Alemanha (3) x (2) Áustria  - Nápoli
[COPA 1982] - GRUPO B - 21/6 - Áustria (2) x (0) Argélia  - Oviedo
[COPA 1978] - SEGUNDA FASE - GRUPO 2 - 14/6 - Brasil (3) x (0) Peru  - Mendoza
[COPA 1950] - FASE FINAL - 13/7 - Brasil (6) x (1) Espanha  - Rio de Janeiro
[COPA 2010] - GRUPO F - 20/6 - Eslováquia (0) x (2) Paraguai  - Bloemfontein
[COPA 2006] - OITAVAS-DE-FINAL - 25/6 - Inglaterra (1) x (0) Equador  - Stuttgart
[COPA 2002] - GRUPO C - 4/6 - Costa Rica (2) x (0) China  - Gwangju
[COPA 1950] - FASE FINAL - 13/7 - Uruguai (3) x (2) Suécia  - São Paulo
[COPA 2010] - GRUPO C - 13/6 - Argélia (0) x (1) Eslovênia  - Polokwane
[COPA 2006] - GRUPO H - 14/6 - Espanha (4) x (0) Ucrânia  - Leipzig
